c:\users\afeka\desktop\afterfixes\newproj\initialmpiproject\initialmpiproject\x64\debug\vc140.pdb
c:\users\afeka\desktop\afterfixes\newproj\initialmpiproject\initialmpiproject\x64\debug\vc140.idb
c:\users\afeka\desktop\afterfixes\newproj\initialmpiproject\initialmpiproject\x64\debug\main.obj
c:\users\afeka\desktop\afterfixes\newproj\initialmpiproject\initialmpiproject\x64\debug\readwritefile.obj
c:\users\afeka\desktop\afterfixes\newproj\initialmpiproject\x64\debug\initialmpiproject.ilk
c:\users\afeka\desktop\afterfixes\newproj\initialmpiproject\x64\debug\initialmpiproject.exe
c:\users\afeka\desktop\afterfixes\newproj\initialmpiproject\x64\debug\initialmpiproject.pdb
c:\users\lazar\desktop\afterfixes\newproj\initialmpiproject\initialmpiproject\x64\debug\main.obj
c:\users\lazar\desktop\afterfixes\newproj\initialmpiproject\initialmpiproject\x64\debug\readwritefile.obj
c:\users\lazar\desktop\afterfixes\newproj\initialmpiproject\initialmpiproject\x64\debug\vc140.idb
c:\users\lazar\desktop\afterfixes\newproj\initialmpiproject\initialmpiproject\x64\debug\vc140.pdb
c:\users\lazar\desktop\afterfixes\newproj\initialmpiproject\x64\debug\initialmpiproject.pdb
c:\users\lazar\desktop\afterfixes\newproj\initialmpiproject\x64\debug\initialmpiproject.exe
c:\users\lazar\desktop\afterfixes\newproj\initialmpiproject\x64\debug\initialmpiproject.ilk
c:\users\lazar\desktop\afterfixes\newproj\initialmpiproject\initialmpiproject\x64\debug\initialm.0f83042f.tlog\cl.command.1.tlog
c:\users\lazar\desktop\afterfixes\newproj\initialmpiproject\initialmpiproject\x64\debug\initialm.0f83042f.tlog\cl.read.1.tlog
c:\users\lazar\desktop\afterfixes\newproj\initialmpiproject\initialmpiproject\x64\debug\initialm.0f83042f.tlog\cl.write.1.tlog
c:\users\lazar\desktop\afterfixes\newproj\initialmpiproject\initialmpiproject\x64\debug\initialm.0f83042f.tlog\link.command.1.tlog
c:\users\lazar\desktop\afterfixes\newproj\initialmpiproject\initialmpiproject\x64\debug\initialm.0f83042f.tlog\link.read.1.tlog
c:\users\lazar\desktop\afterfixes\newproj\initialmpiproject\initialmpiproject\x64\debug\initialm.0f83042f.tlog\link.write.1.tlog
